<?xml version="1.0" encoding="UTF-8"?>
<testsuite name="com.example.baselibrary.ExampleUnitTest" tests="1" skipped="0" failures="0" errors="0" timestamp="2018-11-19T01:59:14" hostname="75FU3M6SFRV1CTP" time="0.0">
  <properties/>
  <testcase name="addition_isCorrect" classname="com.example.baselibrary.ExampleUnitTest" time="0.0"/>
  <system-out><![CDATA[]]></system-out>
  <system-err><![CDATA[]]></system-err>
</testsuite>
